#
# A fatal error has been detected by the Java Runtime Environment:
#
#  EXCEPTION_ACCESS_VIOLATION (0xc0000005) at pc=0x00007ffabff9beca, pid=4024, tid=19680
#
# JRE version: Java(TM) SE Runtime Environment (17.0+35) (build 17+35-LTS-2724)
# Java VM: Java HotSpot(TM) 64-Bit Server VM (17+35-LTS-2724, mixed mode, sharing, tiered, compressed oops, compressed class ptrs, g1 gc, windows-amd64)
# Problematic frame:
# V  [jvm.dll+0x73beca]
#
# No core dump will be written. Minidumps are not enabled by default on client versions of Windows
#
# If you would like to submit a bug report, please visit:
#   https://bugreport.java.com/bugreport/crash.jsp
#

---------------  S U M M A R Y ------------

Command Line: -XX:+ShowCodeDetailsInExceptionMessages -agentlib:jdwp=transport=dt_socket,suspend=y,address=localhost:4480 -javaagent:F:\Eclipse\eclipse\configuration\org.eclipse.osgi\222\0\.cp\lib\javaagent-shaded.jar -Dfile.encoding=Cp1252 --module-path=F:\Java Bootcamp Course\Assignment4\bin -Djdk.module.main=assignment4 assignment4/app.App

Host: AMD Ryzen 3 1200 Quad-Core Processor           , 4 cores, 15G,  Windows 10 , 64 bit Build 19041 (10.0.19041.1503)
Time: Mon Mar  7 18:54:52 2022 Mitteleuropäische Zeit elapsed time: 443.510235 seconds (0d 0h 7m 23s)

---------------  T H R E A D  ---------------

Current thread (0x0000021752a93830):  JavaThread "JDWP Transport Listener: dt_socket" daemon [_thread_in_vm, id=19680, stack(0x000000a3c0f00000,0x000000a3c1000000)]

Stack: [0x000000a3c0f00000,0x000000a3c1000000],  sp=0x000000a3c0fff920,  free space=1022k
Native frames: (J=compiled Java code, j=interpreted, Vv=VM code, C=native code)
V  [jvm.dll+0x73beca]
V  [jvm.dll+0x50476c]
V  [jvm.dll+0x4d0084]
C  [jdwp.dll+0x22e9f]


siginfo: EXCEPTION_ACCESS_VIOLATION (0xc0000005), reading address 0x00000000004d0050


Register to memory mapping:

RIP=0x00007ffabff9beca jvm.dll
RAX=0x00000000000000ac is an unknown value
RBX=0x0000021751f9759b points into unknown readable memory: 6c 65 3b 00 63
RCX=0x00000000004d004c is an unknown value
RDX=0x0000021753294b30 points into unknown readable memory: 0x726573617461644c | 4c 64 61 74 61 73 65 72
RSP=0x000000a3c0fff920 is pointing into the stack for thread: 0x0000021752a93830
RBP=0x0000021752a803f0 points into unknown readable memory: 0x0000000000000002 | 02 00 00 00 00 00 00 00
RSI=0x0 is NULL
RDI=0xffffffffffffffff is an unknown value
R8 =0x000000000000018f is an unknown value
R9 =0x0000000000000040 is an unknown value
R10=0x0000000000000180 is an unknown value
R11=0x000000a3c0fff940 is pointing into the stack for thread: 0x0000021752a93830
R12=0x000000a3c0fffa78 is pointing into the stack for thread: 0x0000021752a93830
R13=0x0 is NULL
R14=0x0000000800c05d50 is a pointer to class: 
dataservices.DataService {0x0000000800c05d58}
 - instance size:     6
 - klass size:        75
 - access:            public synchronized 
 - state:             fully_initialized
 - name:              'dataservices/DataService'
 - super:             'java/lang/Object'
 - sub:               
 - arrays:            NULL
 - methods:           Array<T>(0x000002175243ce30)
 - method ordering:   Array<T>(0x000002175243d778)
 - default_methods:   Array<T>(0x0000000000000000)
 - local interfaces:  Array<T>(0x000002175243cda8)
 - trans. interfaces: Array<T>(0x000002175243cda8)
 - constants:         constant pool [182] {0x000002175243f398} for 'dataservices/DataService' cache=0x000002175243c8f8
 - class loader data:  loader data: 0x0000021751f3d5e0 for instance a 'jdk/internal/loader/ClassLoaders$AppClassLoader'{0x0000000710ca3ca8}
 - source file:       'DataService.java'
 - source debug extension:       SMAP
DataService.java
Java
*S jdt
*F
1 DataService.java
2 file:/F:/Java%20Bootcamp%20Course/Assignment4/bin/
*L
*E

 - class annotations:       Array<T>(0x0000000000000000)
 - class type annotations:  Array<T>(0x0000000000000000)
 - field annotations:       Array<T>(0x0000000000000000)
 - field type annotations:  Array<T>(0x0000000000000000)
 - generic signature: '
[error occurred during error reporting (printing register info), id 0xc0000005, EXCEPTION_ACCESS_VIOLATION (0xc0000005) at pc=0x00007ffabff9cad6]

Registers:
RAX=0x00000000000000ac, RBX=0x0000021751f9759b, RCX=0x00000000004d004c, RDX=0x0000021753294b30
RSP=0x000000a3c0fff920, RBP=0x0000021752a803f0, RSI=0x0000000000000000, RDI=0xffffffffffffffff
R8 =0x000000000000018f, R9 =0x0000000000000040, R10=0x0000000000000180, R11=0x000000a3c0fff940
R12=0x000000a3c0fffa78, R13=0x0000000000000000, R14=0x0000000800c05d50, R15=0x000000a3c0fffac8
RIP=0x00007ffabff9beca, EFLAGS=0x0000000000010202

Top of Stack: (sp=0x000000a3c0fff920)
0x000000a3c0fff920:   0000000000000018 0000000800c05d50
0x000000a3c0fff930:   0000021752a93830 0000000000000000
0x000000a3c0fff940:   ffffffffffffffff 00007ffabfd6476c
0x000000a3c0fff950:   0000021751f9759b 0000021751f97580
0x000000a3c0fff960:   0000021752a803f0 0000021753292070
0x000000a3c0fff970:   0000021751f97550 00000000000003d8
0x000000a3c0fff980:   0000021751f97560 0000021751f97938
0x000000a3c0fff990:   0000000000000002 000000a3c0fffa78
0x000000a3c0fff9a0:   0000000000000000 0000000000000000
0x000000a3c0fff9b0:   000000071088c6f0 00007ffabfd30084
0x000000a3c0fff9c0:   0000021752a93830 000000a3c0fffac8
0x000000a3c0fff9d0:   000002172db3aec0 000000a3c0fffac8
0x000000a3c0fff9e0:   0000021752a93830 0000000000000000
0x000000a3c0fff9f0:   0000021700000000 0000000000000000
0x000000a3c0fffa00:   000000000000000d 00007ffaeb3b2e9f
0x000000a3c0fffa10:   000000a3c0fffac0 00007ffaeb3c1830 

Instructions: (pc=0x00007ffabff9beca)
0x00007ffabff9bdca:   48 83 c4 20 5f e9 fc 87 96 ff cc cc cc cc cc cc
0x00007ffabff9bdda:   cc cc cc cc cc cc 48 89 5c 24 08 57 48 83 ec 20
0x00007ffabff9bdea:   83 fa 02 8d 42 06 b9 08 00 00 00 49 8b d8 0f 4e
0x00007ffabff9bdfa:   c1 48 63 c8 48 83 c1 07 83 e1 f8 48 63 f9 49 8b
0x00007ffabff9be0a:   48 18 48 8b c7 48 f7 d0 48 3b c1 73 16 4c 8d 05
0x00007ffabff9be1a:   9a 48 17 00 48 8b d7 48 8b cb e8 07 eb 96 ff 48
0x00007ffabff9be2a:   8b 4b 18 48 8d 04 39 48 3b 43 20 76 18 45 33 c0
0x00007ffabff9be3a:   48 8b d7 48 8b cb 48 8b 5c 24 30 48 83 c4 20 5f
0x00007ffabff9be4a:   e9 61 e7 96 ff 48 89 43 18 48 8b c1 48 8b 5c 24
0x00007ffabff9be5a:   30 48 83 c4 20 5f c3 cc cc cc cc cc cc cc cc cc
0x00007ffabff9be6a:   cc cc cc cc cc cc 4c 8b d2 4c 8b d9 45 85 c0 7e
0x00007ffabff9be7a:   3c 44 0f b7 49 04 41 8d 40 ff 41 3b c1 44 0f 4c
0x00007ffabff9be8a:   c8 4d 63 c1 45 85 c9 7e 1f 48 8b c2 4c 2b da 49
0x00007ffabff9be9a:   8b d0 0f 1f 40 00 41 0f b6 4c 03 06 88 08 48 8d
0x00007ffabff9beaa:   40 01 48 83 ea 01 75 ee 43 c6 04 10 00 49 8b c2
0x00007ffabff9beba:   c3 cc cc cc cc cc 48 89 5c 24 08 57 48 83 ec 20
0x00007ffabff9beca:   0f b7 59 04 48 8b f9 33 d2 48 8d 4b 01 e8 14 9b
0x00007ffabff9beda:   f8 ff 0f b7 57 04 4c 8b c0 3b da 0f 42 d3 44 8b
0x00007ffabff9beea:   ca 85 d2 74 39 48 2b f8 0f 1f 40 00 66 66 0f 1f
0x00007ffabff9befa:   84 00 00 00 00 00 0f b6 4c 07 06 88 08 48 ff c0
0x00007ffabff9bf0a:   48 8b c8 49 2b c8 49 3b c9 7c eb 42 c6 04 02 00
0x00007ffabff9bf1a:   49 8b c0 48 8b 5c 24 30 48 83 c4 20 5f c3 48 8b
0x00007ffabff9bf2a:   5c 24 30 c6 04 02 00 48 83 c4 20 5f c3 cc cc cc
0x00007ffabff9bf3a:   cc cc cc cc cc cc 4c 8b d1 45 85 c0 7e 6c 44 0f
0x00007ffabff9bf4a:   b7 49 04 41 8d 40 ff 41 3b c1 44 0f 4c c8 4d 63
0x00007ffabff9bf5a:   d9 45 85 c9 7e 22 48 8b ca 4c 2b d2 4d 8b c3 0f
0x00007ffabff9bf6a:   1f 80 00 00 00 00 41 0f b6 44 0a 06 88 01 48 8d
0x00007ffabff9bf7a:   49 01 49 83 e8 01 75 ee 41 c6 04 13 00 48 c7 c0
0x00007ffabff9bf8a:   ff ff ff ff 66 90 48 ff c0 80 3c 02 00 75 f7 48
0x00007ffabff9bf9a:   63 c8 85 c0 48 8b c2 7e 14 80 38 2f 75 03 c6 00
0x00007ffabff9bfaa:   2e 48 ff c0 48 83 e9 01 75 ef 48 8b c2 c3 cc cc
0x00007ffabff9bfba:   cc cc cc cc cc cc 48 83 ec 28 e8 f7 fe ff ff 4c 


Stack slot to memory mapping:
stack at sp + 0 slots: 0x0000000000000018 is an unknown value
stack at sp + 1 slots: 0x0000000800c05d50 is a pointer to class: 
dataservices.DataService {0x0000000800c05d58}
 - instance size:     6
 - klass size:        75
 - access:            public synchronized 
 - state:             fully_initialized
 - name:              'dataservices/DataService'
 - super:             'java/lang/Object'
 - sub:               
 - arrays:            NULL
 - methods:           Array<T>(0x000002175243ce30)
 - method ordering:   Array<T>(0x000002175243d778)
 - default_methods:   Array<T>(0x0000000000000000)
 - local interfaces:  Array<T>(0x000002175243cda8)
 - trans. interfaces: Array<T>(0x000002175243cda8)
 - constants:         constant pool [182] {0x000002175243f398} for 'dataservices/DataService' cache=0x000002175243c8f8
 - class loader data:  loader data: 0x0000021751f3d5e0 for instance a 'jdk/internal/loader/ClassLoaders$AppClassLoader'{0x0000000710ca3ca8}
 - source file:       'DataService.java'
 - source debug extension:       SMAP
DataService.java
Java
*S jdt
*F
1 DataService.java
2 file:/F:/Java%20Bootcamp%20Course/Assignment4/bin/
*L
*E

 - class annotations:       Array<T>(0x0000000000000000)
 - class type annotations:  Array<T>(0x0000000000000000)
 - field annotations:       Array<T>(0x0000000000000000)
 - field type annotations:  Array<T>(0x0000000000000000)
 - generic signature: '
[error occurred during error reporting (inspecting top of stack), id 0xc0000005, EXCEPTION_ACCESS_VIOLATION (0xc0000005) at pc=0x00007ffabff9cad6]


---------------  P R O C E S S  ---------------

Threads class SMR info:
_java_thread_list=0x0000021752b92e80, length=15, elements={
0x000002172db4cf30, 0x0000021751f351e0, 0x0000021751f35f60, 0x0000021751f4f710,
0x0000021751f51fe0, 0x0000021751f528a0, 0x0000021751f56660, 0x0000021751f5f260,
0x0000021751f5fc10, 0x0000021751f74900, 0x00000217529ed3f0, 0x0000021752a93830,
0x0000021752a97810, 0x0000021752a99d10, 0x0000021752d28b90
}

Java Threads: ( => current thread )
  0x000002172db4cf30 JavaThread "main" [_thread_blocked, id=18408, stack(0x000000a3bfe00000,0x000000a3bff00000)]
  0x0000021751f351e0 JavaThread "Reference Handler" daemon [_thread_blocked, id=4008, stack(0x000000a3c0500000,0x000000a3c0600000)]
  0x0000021751f35f60 JavaThread "Finalizer" daemon [_thread_blocked, id=4500, stack(0x000000a3c0600000,0x000000a3c0700000)]
  0x0000021751f4f710 JavaThread "Signal Dispatcher" daemon [_thread_blocked, id=19476, stack(0x000000a3c0700000,0x000000a3c0800000)]
  0x0000021751f51fe0 JavaThread "Attach Listener" daemon [_thread_blocked, id=23048, stack(0x000000a3c0800000,0x000000a3c0900000)]
  0x0000021751f528a0 JavaThread "Service Thread" daemon [_thread_blocked, id=18868, stack(0x000000a3c0900000,0x000000a3c0a00000)]
  0x0000021751f56660 JavaThread "Monitor Deflation Thread" daemon [_thread_blocked, id=13412, stack(0x000000a3c0a00000,0x000000a3c0b00000)]
  0x0000021751f5f260 JavaThread "C2 CompilerThread0" daemon [_thread_blocked, id=20632, stack(0x000000a3c0b00000,0x000000a3c0c00000)]
  0x0000021751f5fc10 JavaThread "C1 CompilerThread0" daemon [_thread_blocked, id=17812, stack(0x000000a3c0c00000,0x000000a3c0d00000)]
  0x0000021751f74900 JavaThread "Sweeper thread" daemon [_thread_blocked, id=18828, stack(0x000000a3c0d00000,0x000000a3c0e00000)]
  0x00000217529ed3f0 JavaThread "Common-Cleaner" daemon [_thread_blocked, id=6128, stack(0x000000a3c0e00000,0x000000a3c0f00000)]
=>0x0000021752a93830 JavaThread "JDWP Transport Listener: dt_socket" daemon [_thread_in_vm, id=19680, stack(0x000000a3c0f00000,0x000000a3c1000000)]
  0x0000021752a97810 JavaThread "JDWP Event Helper Thread" daemon [_thread_blocked, id=7352, stack(0x000000a3c1000000,0x000000a3c1100000)]
  0x0000021752a99d10 JavaThread "JDWP Command Reader" daemon [_thread_in_native, id=6956, stack(0x000000a3c1100000,0x000000a3c1200000)]
  0x0000021752d28b90 JavaThread "Notification Thread" daemon [_thread_blocked, id=13924, stack(0x000000a3c1200000,0x000000a3c1300000)]

Other Threads:
  0x0000021751f2e2b0 VMThread "VM Thread" [stack: 0x000000a3c0400000,0x000000a3c0500000] [id=4268]
  0x000002172dbb8a90 WatcherThread [stack: 0x000000a3c1300000,0x000000a3c1400000] [id=1796]
  0x000002172db9c150 GCTaskThread "GC Thread#0" [stack: 0x000000a3bff00000,0x000000a3c0000000] [id=16300]
  0x000002172dbae660 ConcurrentGCThread "G1 Main Marker" [stack: 0x000000a3c0000000,0x000000a3c0100000] [id=15704]
  0x000002172dbaef80 ConcurrentGCThread "G1 Conc#0" [stack: 0x000000a3c0100000,0x000000a3c0200000] [id=21964]
  0x0000021751e024c0 ConcurrentGCThread "G1 Refine#0" [stack: 0x000000a3c0200000,0x000000a3c0300000] [id=21744]
  0x0000021751e02df0 ConcurrentGCThread "G1 Service" [stack: 0x000000a3c0300000,0x000000a3c0400000] [id=18572]

Threads with active compile tasks:

VM state: not at safepoint (normal execution)

VM Mutex/Monitor currently owned by a thread: None

Heap address: 0x0000000700e00000, size: 4082 MB, Compressed Oops mode: Zero based, Oop shift amount: 3

CDS archive(s) mapped at: [0x0000000800000000-0x0000000800bc0000-0x0000000800bc0000), size 12320768, SharedBaseAddress: 0x0000000800000000, ArchiveRelocationMode: 0.
Compressed class space mapped at: 0x0000000800c00000-0x0000000840c00000, reserved size: 1073741824
Narrow klass base: 0x0000000800000000, Narrow klass shift: 0, Narrow klass range: 0x100000000

GC Precious Log:
 CPUs: 4 total, 4 available
 Memory: 16320M
 Large Page Support: Disabled
 NUMA Support: Disabled
 Compressed Oops: Enabled (Zero based)
 Heap Region Size: 2M
 Heap Min Capacity: 8M
 Heap Initial Capacity: 256M
 Heap Max Capacity: 4082M
 Pre-touch: Disabled
 Parallel Workers: 4
 Concurrent Workers: 1
 Concurrent Refinement Workers: 4
 Periodic GC: Disabled

Heap:
 garbage-first heap   total 262144K, used 4096K [0x0000000700e00000, 0x0000000800000000)
  region size 2048K, 3 young (6144K), 0 survivors (0K)
 Metaspace       used 3002K, committed 3200K, reserved 1056768K
  class space    used 286K, committed 384K, reserved 1048576K

Heap Regions: E=young(eden), S=young(survivor), O=old, HS=humongous(starts), HC=humongous(continues), CS=collection set, F=free, OA=open archive, CA=closed archive, TAMS=top-at-mark-start (previous, next)
|   0|0x0000000700e00000, 0x0000000700e00000, 0x0000000701000000|  0%| F|  |TAMS 0x0000000700e00000, 0x0000000700e00000| Untracked 
|   1|0x0000000701000000, 0x0000000701000000, 0x0000000701200000|  0%| F|  |TAMS 0x0000000701000000, 0x0000000701000000| Untracked 
|   2|0x0000000701200000, 0x0000000701200000, 0x0000000701400000|  0%| F|  |TAMS 0x0000000701200000, 0x0000000701200000| Untracked 
|   3|0x0000000701400000, 0x0000000701400000, 0x0000000701600000|  0%| F|  |TAMS 0x0000000701400000, 0x0000000701400000| Untracked 
|   4|0x0000000701600000, 0x0000000701600000, 0x0000000701800000|  0%| F|  |TAMS 0x0000000701600000, 0x0000000701600000| Untracked 
|   5|0x0000000701800000, 0x0000000701800000, 0x0000000701a00000|  0%| F|  |TAMS 0x0000000701800000, 0x0000000701800000| Untracked 
|   6|0x0000000701a00000, 0x0000000701a00000, 0x0000000701c00000|  0%| F|  |TAMS 0x0000000701a00000, 0x0000000701a00000| Untracked 
|   7|0x0000000701c00000, 0x0000000701c00000, 0x0000000701e00000|  0%| F|  |TAMS 0x0000000701c00000, 0x0000000701c00000| Untracked 
|   8|0x0000000701e00000, 0x0000000701e00000, 0x0000000702000000|  0%| F|  |TAMS 0x0000000701e00000, 0x0000000701e00000| Untracked 
|   9|0x0000000702000000, 0x0000000702000000, 0x0000000702200000|  0%| F|  |TAMS 0x0000000702000000, 0x0000000702000000| Untracked 
|  10|0x0000000702200000, 0x0000000702200000, 0x0000000702400000|  0%| F|  |TAMS 0x0000000702200000, 0x0000000702200000| Untracked 
|  11|0x0000000702400000, 0x0000000702400000, 0x0000000702600000|  0%| F|  |TAMS 0x0000000702400000, 0x0000000702400000| Untracked 
|  12|0x0000000702600000, 0x0000000702600000, 0x0000000702800000|  0%| F|  |TAMS 0x0000000702600000, 0x0000000702600000| Untracked 
|  13|0x0000000702800000, 0x0000000702800000, 0x0000000702a00000|  0%| F|  |TAMS 0x0000000702800000, 0x0000000702800000| Untracked 
|  14|0x0000000702a00000, 0x0000000702a00000, 0x0000000702c00000|  0%| F|  |TAMS 0x0000000702a00000, 0x0000000702a00000| Untracked 
|  15|0x0000000702c00000, 0x0000000702c00000, 0x0000000702e00000|  0%| F|  |TAMS 0x0000000702c00000, 0x0000000702c00000| Untracked 
|  16|0x0000000702e00000, 0x0000000702e00000, 0x0000000703000000|  0%| F|  |TAMS 0x0000000702e00000, 0x0000000702e00000| Untracked 
|  17|0x0000000703000000, 0x0000000703000000, 0x0000000703200000|  0%| F|  |TAMS 0x0000000703000000, 0x0000000703000000| Untracked 
|  18|0x0000000703200000, 0x0000000703200000, 0x0000000703400000|  0%| F|  |TAMS 0x0000000703200000, 0x0000000703200000| Untracked 
|  19|0x0000000703400000, 0x0000000703400000, 0x0000000703600000|  0%| F|  |TAMS 0x0000000703400000, 0x0000000703400000| Untracked 
|  20|0x0000000703600000, 0x0000000703600000, 0x0000000703800000|  0%| F|  |TAMS 0x0000000703600000, 0x0000000703600000| Untracked 
|  21|0x0000000703800000, 0x0000000703800000, 0x0000000703a00000|  0%| F|  |TAMS 0x0000000703800000, 0x0000000703800000| Untracked 
|  22|0x0000000703a00000, 0x0000000703a00000, 0x0000000703c00000|  0%| F|  |TAMS 0x0000000703a00000, 0x0000000703a00000| Untracked 
|  23|0x0000000703c00000, 0x0000000703c00000, 0x0000000703e00000|  0%| F|  |TAMS 0x0000000703c00000, 0x0000000703c00000| Untracked 
|  24|0x0000000703e00000, 0x0000000703e00000, 0x0000000704000000|  0%| F|  |TAMS 0x0000000703e00000, 0x0000000703e00000| Untracked 
|  25|0x0000000704000000, 0x0000000704000000, 0x0000000704200000|  0%| F|  |TAMS 0x0000000704000000, 0x0000000704000000| Untracked 
|  26|0x0000000704200000, 0x0000000704200000, 0x0000000704400000|  0%| F|  |TAMS 0x0000000704200000, 0x0000000704200000| Untracked 
|  27|0x0000000704400000, 0x0000000704400000, 0x0000000704600000|  0%| F|  |TAMS 0x0000000704400000, 0x0000000704400000| Untracked 
|  28|0x0000000704600000, 0x0000000704600000, 0x0000000704800000|  0%| F|  |TAMS 0x0000000704600000, 0x0000000704600000| Untracked 
|  29|0x0000000704800000, 0x0000000704800000, 0x0000000704a00000|  0%| F|  |TAMS 0x0000000704800000, 0x0000000704800000| Untracked 
|  30|0x0000000704a00000, 0x0000000704a00000, 0x0000000704c00000|  0%| F|  |TAMS 0x0000000704a00000, 0x0000000704a00000| Untracked 
|  31|0x0000000704c00000, 0x0000000704c00000, 0x0000000704e00000|  0%| F|  |TAMS 0x0000000704c00000, 0x0000000704c00000| Untracked 
|  32|0x0000000704e00000, 0x0000000704e00000, 0x0000000705000000|  0%| F|  |TAMS 0x0000000704e00000, 0x0000000704e00000| Untracked 
|  33|0x0000000705000000, 0x0000000705000000, 0x0000000705200000|  0%| F|  |TAMS 0x0000000705000000, 0x0000000705000000| Untracked 
|  34|0x0000000705200000, 0x0000000705200000, 0x0000000705400000|  0%| F|  |TAMS 0x0000000705200000, 0x0000000705200000| Untracked 
|  35|0x0000000705400000, 0x0000000705400000, 0x0000000705600000|  0%| F|  |TAMS 0x0000000705400000, 0x0000000705400000| Untracked 
|  36|0x0000000705600000, 0x0000000705600000, 0x0000000705800000|  0%| F|  |TAMS 0x0000000705600000, 0x0000000705600000| Untracked 
|  37|0x0000000705800000, 0x0000000705800000, 0x0000000705a00000|  0%| F|  |TAMS 0x0000000705800000, 0x0000000705800000| Untracked 
|  38|0x0000000705a00000, 0x0000000705a00000, 0x0000000705c00000|  0%| F|  |TAMS 0x0000000705a00000, 0x0000000705a00000| Untracked 
|  39|0x0000000705c00000, 0x0000000705c00000, 0x0000000705e00000|  0%| F|  |TAMS 0x0000000705c00000, 0x0000000705c00000| Untracked 
|  40|0x0000000705e00000, 0x0000000705e00000, 0x0000000706000000|  0%| F|  |TAMS 0x0000000705e00000, 0x0000000705e00000| Untracked 
|  41|0x0000000706000000, 0x0000000706000000, 0x0000000706200000|  0%| F|  |TAMS 0x0000000706000000, 0x0000000706000000| Untracked 
|  42|0x0000000706200000, 0x0000000706200000, 0x0000000706400000|  0%| F|  |TAMS 0x0000000706200000, 0x0000000706200000| Untracked 
|  43|0x0000000706400000, 0x0000000706400000, 0x0000000706600000|  0%| F|  |TAMS 0x0000000706400000, 0x0000000706400000| Untracked 
|  44|0x0000000706600000, 0x0000000706600000, 0x0000000706800000|  0%| F|  |TAMS 0x0000000706600000, 0x0000000706600000| Untracked 
|  45|0x0000000706800000, 0x0000000706800000, 0x0000000706a00000|  0%| F|  |TAMS 0x0000000706800000, 0x0000000706800000| Untracked 
|  46|0x0000000706a00000, 0x0000000706a00000, 0x0000000706c00000|  0%| F|  |TAMS 0x0000000706a00000, 0x0000000706a00000| Untracked 
|  47|0x0000000706c00000, 0x0000000706c00000, 0x0000000706e00000|  0%| F|  |TAMS 0x0000000706c00000, 0x0000000706c00000| Untracked 
|  48|0x0000000706e00000, 0x0000000706e00000, 0x0000000707000000|  0%| F|  |TAMS 0x0000000706e00000, 0x0000000706e00000| Untracked 
|  49|0x0000000707000000, 0x0000000707000000, 0x0000000707200000|  0%| F|  |TAMS 0x0000000707000000, 0x0000000707000000| Untracked 
|  50|0x0000000707200000, 0x0000000707200000, 0x0000000707400000|  0%| F|  |TAMS 0x0000000707200000, 0x0000000707200000| Untracked 
|  51|0x0000000707400000, 0x0000000707400000, 0x0000000707600000|  0%| F|  |TAMS 0x0000000707400000, 0x0000000707400000| Untracked 
|  52|0x0000000707600000, 0x0000000707600000, 0x0000000707800000|  0%| F|  |TAMS 0x0000000707600000, 0x0000000707600000| Untracked 
|  53|0x0000000707800000, 0x0000000707800000, 0x0000000707a00000|  0%| F|  |TAMS 0x0000000707800000, 0x0000000707800000| Untracked 
|  54|0x0000000707a00000, 0x0000000707a00000, 0x0000000707c00000|  0%| F|  |TAMS 0x0000000707a00000, 0x0000000707a00000| Untracked 
|  55|0x0000000707c00000, 0x0000000707c00000, 0x0000000707e00000|  0%| F|  |TAMS 0x0000000707c00000, 0x0000000707c00000| Untracked 
|  56|0x0000000707e00000, 0x0000000707e00000, 0x0000000708000000|  0%| F|  |TAMS 0x0000000707e00000, 0x0000000707e00000| Untracked 
|  57|0x0000000708000000, 0x0000000708000000, 0x0000000708200000|  0%| F|  |TAMS 0x0000000708000000, 0x0000000708000000| Untracked 
|  58|0x0000000708200000, 0x0000000708200000, 0x0000000708400000|  0%| F|  |TAMS 0x0000000708200000, 0x0000000708200000| Untracked 
|  59|0x0000000708400000, 0x0000000708400000, 0x0000000708600000|  0%| F|  |TAMS 0x0000000708400000, 0x0000000708400000| Untracked 
|  60|0x0000000708600000, 0x0000000708600000, 0x0000000708800000|  0%| F|  |TAMS 0x0000000708600000, 0x0000000708600000| Untracked 
|  61|0x0000000708800000, 0x0000000708800000, 0x0000000708a00000|  0%| F|  |TAMS 0x0000000708800000, 0x0000000708800000| Untracked 
|  62|0x0000000708a00000, 0x0000000708a00000, 0x0000000708c00000|  0%| F|  |TAMS 0x0000000708a00000, 0x0000000708a00000| Untracked 
|  63|0x0000000708c00000, 0x0000000708c00000, 0x0000000708e00000|  0%| F|  |TAMS 0x0000000708c00000, 0x0000000708c00000| Untracked 
|  64|0x0000000708e00000, 0x0000000708e00000, 0x0000000709000000|  0%| F|  |TAMS 0x0000000708e00000, 0x0000000708e00000| Untracked 
|  65|0x0000000709000000, 0x0000000709000000, 0x0000000709200000|  0%| F|  |TAMS 0x0000000709000000, 0x0000000709000000| Untracked 
|  66|0x0000000709200000, 0x0000000709200000, 0x0000000709400000|  0%| F|  |TAMS 0x0000000709200000, 0x0000000709200000| Untracked 
|  67|0x0000000709400000, 0x0000000709400000, 0x0000000709600000|  0%| F|  |TAMS 0x0000000709400000, 0x0000000709400000| Untracked 
|  68|0x0000000709600000, 0x0000000709600000, 0x0000000709800000|  0%| F|  |TAMS 0x0000000709600000, 0x0000000709600000| Untracked 
|  69|0x0000000709800000, 0x0000000709800000, 0x0000000709a00000|  0%| F|  |TAMS 0x0000000709800000, 0x0000000709800000| Untracked 
|  70|0x0000000709a00000, 0x0000000709a00000, 0x0000000709c00000|  0%| F|  |TAMS 0x0000000709a00000, 0x0000000709a00000| Untracked 
|  71|0x0000000709c00000, 0x0000000709c00000, 0x0000000709e00000|  0%| F|  |TAMS 0x0000000709c00000, 0x0000000709c00000| Untracked 
|  72|0x0000000709e00000, 0x0000000709e00000, 0x000000070a000000|  0%| F|  |TAMS 0x0000000709e00000, 0x0000000709e00000| Untracked 
|  73|0x000000070a000000, 0x000000070a000000, 0x000000070a200000|  0%| F|  |TAMS 0x000000070a000000, 0x000000070a000000| Untracked 
|  74|0x000000070a200000, 0x000000070a200000, 0x000000070a400000|  0%| F|  |TAMS 0x000000070a200000, 0x000000070a200000| Untracked 
|  75|0x000000070a400000, 0x000000070a400000, 0x000000070a600000|  0%| F|  |TAMS 0x000000070a400000, 0x000000070a400000| Untracked 
|  76|0x000000070a600000, 0x000000070a600000, 0x000000070a800000|  0%| F|  |TAMS 0x000000070a600000, 0x000000070a600000| Untracked 
|  77|0x000000070a800000, 0x000000070a800000, 0x000000070aa00000|  0%| F|  |TAMS 0x000000070a800000, 0x000000070a800000| Untracked 
|  78|0x000000070aa00000, 0x000000070aa00000, 0x000000070ac00000|  0%| F|  |TAMS 0x000000070aa00000, 0x000000070aa00000| Untracked 
|  79|0x000000070ac00000, 0x000000070ac00000, 0x000000070ae00000|  0%| F|  |TAMS 0x000000070ac00000, 0x000000070ac00000| Untracked 
|  80|0x000000070ae00000, 0x000000070ae00000, 0x000000070b000000|  0%| F|  |TAMS 0x000000070ae00000, 0x000000070ae00000| Untracked 
|  81|0x000000070b000000, 0x000000070b000000, 0x000000070b200000|  0%| F|  |TAMS 0x000000070b000000, 0x000000070b000000| Untracked 
|  82|0x000000070b200000, 0x000000070b200000, 0x000000070b400000|  0%| F|  |TAMS 0x000000070b200000, 0x000000070b200000| Untracked 
|  83|0x000000070b400000, 0x000000070b400000, 0x000000070b600000|  0%| F|  |TAMS 0x000000070b400000, 0x000000070b400000| Untracked 
|  84|0x000000070b600000, 0x000000070b600000, 0x000000070b800000|  0%| F|  |TAMS 0x000000070b600000, 0x000000070b600000| Untracked 
|  85|0x000000070b800000, 0x000000070b800000, 0x000000070ba00000|  0%| F|  |TAMS 0x000000070b800000, 0x000000070b800000| Untracked 
|  86|0x000000070ba00000, 0x000000070ba00000, 0x000000070bc00000|  0%| F|  |TAMS 0x000000070ba00000, 0x000000070ba00000| Untracked 
|  87|0x000000070bc00000, 0x000000070bc00000, 0x000000070be00000|  0%| F|  |TAMS 0x000000070bc00000, 0x000000070bc00000| Untracked 
|  88|0x000000070be00000, 0x000000070be00000, 0x000000070c000000|  0%| F|  |TAMS 0x000000070be00000, 0x000000070be00000| Untracked 
|  89|0x000000070c000000, 0x000000070c000000, 0x000000070c200000|  0%| F|  |TAMS 0x000000070c000000, 0x000000070c000000| Untracked 
|  90|0x000000070c200000, 0x000000070c200000, 0x000000070c400000|  0%| F|  |TAMS 0x000000070c200000, 0x000000070c200000| Untracked 
|  91|0x000000070c400000, 0x000000070c400000, 0x000000070c600000|  0%| F|  |TAMS 0x000000070c400000, 0x000000070c400000| Untracked 
|  92|0x000000070c600000, 0x000000070c600000, 0x000000070c800000|  0%| F|  |TAMS 0x000000070c600000, 0x000000070c600000| Untracked 
|  93|0x000000070c800000, 0x000000070c800000, 0x000000070ca00000|  0%| F|  |TAMS 0x000000070c800000, 0x000000070c800000| Untracked 
|  94|0x000000070ca00000, 0x000000070ca00000, 0x000000070cc00000|  0%| F|  |TAMS 0x000000070ca00000, 0x000000070ca00000| Untracked 
|  95|0x000000070cc00000, 0x000000070cc00000, 0x000000070ce00000|  0%| F|  |TAMS 0x000000070cc00000, 0x000000070cc00000| Untracked 
|  96|0x000000070ce00000, 0x000000070ce00000, 0x000000070d000000|  0%| F|  |TAMS 0x000000070ce00000, 0x000000070ce00000| Untracked 
|  97|0x000000070d000000, 0x000000070d000000, 0x000000070d200000|  0%| F|  |TAMS 0x000000070d000000, 0x000000070d000000| Untracked 
|  98|0x000000070d200000, 0x000000070d200000, 0x000000070d400000|  0%| F|  |TAMS 0x000000070d200000, 0x000000070d200000| Untracked 
|  99|0x000000070d400000, 0x000000070d400000, 0x000000070d600000|  0%| F|  |TAMS 0x000000070d400000, 0x000000070d400000| Untracked 
| 100|0x000000070d600000, 0x000000070d600000, 0x000000070d800000|  0%| F|  |TAMS 0x000000070d600000, 0x000000070d600000| Untracked 
| 101|0x000000070d800000, 0x000000070d800000, 0x000000070da00000|  0%| F|  |TAMS 0x000000070d800000, 0x000000070d800000| Untracked 
| 102|0x000000070da00000, 0x000000070da00000, 0x000000070dc00000|  0%| F|  |TAMS 0x000000070da00000, 0x000000070da00000| Untracked 
| 103|0x000000070dc00000, 0x000000070dc00000, 0x000000070de00000|  0%| F|  |TAMS 0x000000070dc00000, 0x000000070dc00000| Untracked 
| 104|0x000000070de00000, 0x000000070de00000, 0x000000070e000000|  0%| F|  |TAMS 0x000000070de00000, 0x000000070de00000| Untracked 
| 105|0x000000070e000000, 0x000000070e000000, 0x000000070e200000|  0%| F|  |TAMS 0x000000070e000000, 0x000000070e000000| Untracked 
| 106|0x000000070e200000, 0x000000070e200000, 0x000000070e400000|  0%| F|  |TAMS 0x000000070e200000, 0x000000070e200000| Untracked 
| 107|0x000000070e400000, 0x000000070e400000, 0x000000070e600000|  0%| F|  |TAMS 0x000000070e400000, 0x000000070e400000| Untracked 
| 108|0x000000070e600000, 0x000000070e600000, 0x000000070e800000|  0%| F|  |TAMS 0x000000070e600000, 0x000000070e600000| Untracked 
| 109|0x000000070e800000, 0x000000070e800000, 0x000000070ea00000|  0%| F|  |TAMS 0x000000070e800000, 0x000000070e800000| Untracked 
| 110|0x000000070ea00000, 0x000000070ea00000, 0x000000070ec00000|  0%| F|  |TAMS 0x000000070ea00000, 0x000000070ea00000| Untracked 
| 111|0x000000070ec00000, 0x000000070ec00000, 0x000000070ee00000|  0%| F|  |TAMS 0x000000070ec00000, 0x000000070ec00000| Untracked 
| 112|0x000000070ee00000, 0x000000070ee00000, 0x000000070f000000|  0%| F|  |TAMS 0x000000070ee00000, 0x000000070ee00000| Untracked 
| 113|0x000000070f000000, 0x000000070f000000, 0x000000070f200000|  0%| F|  |TAMS 0x000000070f000000, 0x000000070f000000| Untracked 
| 114|0x000000070f200000, 0x000000070f200000, 0x000000070f400000|  0%| F|  |TAMS 0x000000070f200000, 0x000000070f200000| Untracked 
| 115|0x000000070f400000, 0x000000070f400000, 0x000000070f600000|  0%| F|  |TAMS 0x000000070f400000, 0x000000070f400000| Untracked 
| 116|0x000000070f600000, 0x000000070f600000, 0x000000070f800000|  0%| F|  |TAMS 0x000000070f600000, 0x000000070f600000| Untracked 
| 117|0x000000070f800000, 0x000000070f800000, 0x000000070fa00000|  0%| F|  |TAMS 0x000000070f800000, 0x000000070f800000| Untracked 
| 118|0x000000070fa00000, 0x000000070fa00000, 0x000000070fc00000|  0%| F|  |TAMS 0x000000070fa00000, 0x000000070fa00000| Untracked 
| 119|0x000000070fc00000, 0x000000070fc00000, 0x000000070fe00000|  0%| F|  |TAMS 0x000000070fc00000, 0x000000070fc00000| Untracked 
| 120|0x000000070fe00000, 0x000000070fe00000, 0x0000000710000000|  0%| F|  |TAMS 0x000000070fe00000, 0x000000070fe00000| Untracked 
| 121|0x0000000710000000, 0x0000000710000000, 0x0000000710200000|  0%| F|  |TAMS 0x0000000710000000, 0x0000000710000000| Untracked 
| 122|0x0000000710200000, 0x0000000710200000, 0x0000000710400000|  0%| F|  |TAMS 0x0000000710200000, 0x0000000710200000| Untracked 
| 123|0x0000000710400000, 0x0000000710400000, 0x0000000710600000|  0%| F|  |TAMS 0x0000000710400000, 0x0000000710400000| Untracked 
| 124|0x0000000710600000, 0x0000000710600000, 0x0000000710800000|  0%| F|  |TAMS 0x0000000710600000, 0x0000000710600000| Untracked 
| 125|0x0000000710800000, 0x00000007108c9d10, 0x0000000710a00000| 39%| E|  |TAMS 0x0000000710800000, 0x0000000710800000| Complete 
| 126|0x0000000710a00000, 0x0000000710c00000, 0x0000000710c00000|100%| E|CS|TAMS 0x0000000710a00000, 0x0000000710a00000| Complete 
| 127|0x0000000710c00000, 0x0000000710e00000, 0x0000000710e00000|100%| E|CS|TAMS 0x0000000710c00000, 0x0000000710c00000| Complete 

Card table byte_map: [0x0000021746960000,0x0000021747160000] _byte_map_base: 0x0000021743159000

Marking Bits (Prev, Next): (CMBitMap*) 0x000002172db9d680, (CMBitMap*) 0x000002172db9d6c0
 Prev Bits: [0x0000021747960000, 0x000002174b928000)
 Next Bits: [0x000002174b930000, 0x000002174f8f8000)

Polling page: 0x000002172dc30000

Metaspace:

Usage:
  Non-class:      2.65 MB used.
      Class:    286.65 KB used.
       Both:      2.93 MB used.

Virtual space:
  Non-class space:        8.00 MB reserved,       2.75 MB ( 34%) committed,  1 nodes.
      Class space:        1.00 GB reserved,     384.00 KB ( <1%) committed,  1 nodes.
             Both:        1.01 GB reserved,       3.12 MB ( <1%) committed. 

Chunk freelists:
   Non-Class:  3.73 MB
       Class:  3.59 MB
        Both:  7.33 MB

MaxMetaspaceSize: unlimited
CompressedClassSpaceSize: 1.00 GB
Initial GC threshold: 21.00 MB
Current GC threshold: 21.00 MB
CDS: on
MetaspaceReclaimPolicy: balanced
 - commit_granule_bytes: 65536.
 - commit_granule_words: 8192.
 - virtual_space_node_default_size: 1048576.
 - enlarge_chunks_in_place: 1.
 - new_chunks_are_fully_committed: 0.
 - uncommit_free_chunks: 1.
 - use_allocation_guard: 0.
 - handle_deallocations: 1.


Internal statistics:

num_allocs_failed_limit: 0.
num_arena_births: 12.
num_arena_deaths: 0.
num_vsnodes_births: 2.
num_vsnodes_deaths: 0.
num_space_committed: 50.
num_space_uncommitted: 0.
num_chunks_returned_to_freelist: 0.
num_chunks_taken_from_freelist: 32.
num_chunk_merges: 0.
num_chunk_splits: 19.
num_chunks_enlarged: 15.
num_purges: 0.
num_inconsistent_stats: 0.

CodeHeap 'non-profiled nmethods': size=120000Kb used=118Kb max_used=118Kb free=119881Kb
 bounds [0x000002173e600000, 0x000002173e870000, 0x0000021745b30000]
CodeHeap 'profiled nmethods': size=120000Kb used=620Kb max_used=620Kb free=119380Kb
 bounds [0x00000217370d0000, 0x0000021737340000, 0x000002173e600000]
CodeHeap 'non-nmethods': size=5760Kb used=1199Kb max_used=1217Kb free=4560Kb
 bounds [0x0000021736b30000, 0x0000021736da0000, 0x00000217370d0000]
 total_blobs=800 nmethods=385 adapters=328
 compilation: enabled
              stopped_count=0, restarted_count=0
 full_count=0

Compilation events (20 events):
Event: 0.407 Thread 0x0000021751f5fc10 nmethod 376 0x0000021737167810 code [0x00000217371679e0, 0x0000021737167e18]
Event: 0.407 Thread 0x0000021751f5fc10  377       3       java.lang.String::<init> (14 bytes)
Event: 0.407 Thread 0x0000021751f5f260 nmethod 374 0x000002173e61d490 code [0x000002173e61d600, 0x000002173e61d6f8]
Event: 0.407 Thread 0x0000021751f5fc10 nmethod 377 0x0000021737167f10 code [0x00000217371680c0, 0x00000217371682d8]
Event: 0.407 Thread 0x0000021751f5fc10  378       3       java.lang.StringLatin1::indexOf (121 bytes)
Event: 0.407 Thread 0x0000021751f5fc10 nmethod 378 0x0000021737168410 code [0x00000217371685e0, 0x0000021737168af8]
Event: 58.269 Thread 0x0000021751f5fc10  379       3       org.eclipse.jdt.launching.internal.org.objectweb.asm.ClassReader::getItem (7 bytes)
Event: 58.269 Thread 0x0000021751f5fc10 nmethod 379 0x0000021737168d10 code [0x0000021737168ea0, 0x0000021737168fd8]
Event: 58.269 Thread 0x0000021751f5fc10  380       3       org.eclipse.jdt.launching.internal.org.objectweb.asm.Symbol::<init> (38 bytes)
Event: 58.269 Thread 0x0000021751f5fc10 nmethod 380 0x0000021737169090 code [0x0000021737169240, 0x00000217371694f8]
Event: 58.269 Thread 0x0000021751f5fc10  381       3       org.eclipse.jdt.launching.internal.org.objectweb.asm.SymbolTable::add (39 bytes)
Event: 58.270 Thread 0x0000021751f5fc10 nmethod 381 0x0000021737169610 code [0x00000217371697c0, 0x0000021737169b38]
Event: 443.041 Thread 0x0000021751f5fc10  382       3       org.eclipse.jdt.launching.internal.org.objectweb.asm.SymbolTable::hash (10 bytes)
Event: 443.041 Thread 0x0000021751f5f260  383       4       org.eclipse.jdt.launching.internal.org.objectweb.asm.ClassReader::readUnsignedShort (26 bytes)
Event: 443.041 Thread 0x0000021751f5fc10 nmethod 382 0x0000021737169c90 code [0x0000021737169e20, 0x0000021737169f68]
Event: 443.041 Thread 0x0000021751f5fc10  384       3       org.eclipse.jdt.launching.internal.org.objectweb.asm.ClassReader::readUtf (161 bytes)
Event: 443.042 Thread 0x0000021751f5fc10 nmethod 384 0x000002173716a090 code [0x000002173716a260, 0x000002173716a728]
Event: 443.042 Thread 0x0000021751f5fc10  385       3       org.eclipse.jdt.launching.internal.org.objectweb.asm.SymbolTable::addConstantUtf8 (20 bytes)
Event: 443.042 Thread 0x0000021751f5fc10 nmethod 385 0x000002173716aa10 code [0x000002173716abe0, 0x000002173716aea8]
Event: 443.042 Thread 0x0000021751f5f260 nmethod 383 0x000002173e61d790 code [0x000002173e61d900, 0x000002173e61da18]

GC Heap History (0 events):
No events

Deoptimization events (20 events):
Event: 0.376 Thread 0x000002172db4cf30 DEOPT PACKING pc=0x0000021737149bd4 sp=0x000000a3bfef8760
Event: 0.376 Thread 0x000002172db4cf30 DEOPT UNPACKING pc=0x0000021736b82b43 sp=0x000000a3bfef7bc8 mode 0
Event: 0.376 Thread 0x000002172db4cf30 DEOPT PACKING pc=0x0000021737149bd4 sp=0x000000a3bfef8760
Event: 0.376 Thread 0x000002172db4cf30 DEOPT UNPACKING pc=0x0000021736b82b43 sp=0x000000a3bfef7bc8 mode 0
Event: 0.376 Thread 0x000002172db4cf30 DEOPT PACKING pc=0x0000021737149bd4 sp=0x000000a3bfef8760
Event: 0.376 Thread 0x000002172db4cf30 DEOPT UNPACKING pc=0x0000021736b82b43 sp=0x000000a3bfef7bc8 mode 0
Event: 0.376 Thread 0x000002172db4cf30 DEOPT PACKING pc=0x0000021737149bd4 sp=0x000000a3bfef8760
Event: 0.376 Thread 0x000002172db4cf30 DEOPT UNPACKING pc=0x0000021736b82b43 sp=0x000000a3bfef7bc8 mode 0
Event: 0.378 Thread 0x000002172db4cf30 DEOPT PACKING pc=0x0000021737149bd4 sp=0x000000a3bfefc1b0
Event: 0.378 Thread 0x000002172db4cf30 DEOPT UNPACKING pc=0x0000021736b82b43 sp=0x000000a3bfefb618 mode 0
Event: 0.379 Thread 0x000002172db4cf30 DEOPT PACKING pc=0x0000021737149bd4 sp=0x000000a3bfefc1b0
Event: 0.379 Thread 0x000002172db4cf30 DEOPT UNPACKING pc=0x0000021736b82b43 sp=0x000000a3bfefb618 mode 0
Event: 0.382 Thread 0x000002172db4cf30 DEOPT PACKING pc=0x0000021737149bd4 sp=0x000000a3bfefc0e0
Event: 0.382 Thread 0x000002172db4cf30 DEOPT UNPACKING pc=0x0000021736b82b43 sp=0x000000a3bfefb548 mode 0
Event: 0.384 Thread 0x000002172db4cf30 DEOPT PACKING pc=0x0000021737149bd4 sp=0x000000a3bfefc1b0
Event: 0.384 Thread 0x000002172db4cf30 DEOPT UNPACKING pc=0x0000021736b82b43 sp=0x000000a3bfefb618 mode 0
Event: 0.385 Thread 0x000002172db4cf30 DEOPT PACKING pc=0x0000021737149bd4 sp=0x000000a3bfefc060
Event: 0.385 Thread 0x000002172db4cf30 DEOPT UNPACKING pc=0x0000021736b82b43 sp=0x000000a3bfefb4c8 mode 0
Event: 0.391 Thread 0x000002172db4cf30 DEOPT PACKING pc=0x0000021737149bd4 sp=0x000000a3bfef8350
Event: 0.391 Thread 0x000002172db4cf30 DEOPT UNPACKING pc=0x0000021736b82b43 sp=0x000000a3bfef77b8 mode 0

Classes unloaded (0 events):
No events

Classes redefined (2 events):
Event: 58.270 Thread 0x0000021751f2e2b0 redefined class name=dataservices.DataService, count=1
Event: 443.043 Thread 0x0000021751f2e2b0 redefined class name=dataservices.DataService, count=2

Internal exceptions (1 events):
Event: 0.093 Thread 0x000002172db4cf30 Exception <a 'java/lang/NoSuchMethodError'{0x0000000710ce3a90}: 'void java.lang.invoke.DirectMethodHandle$Holder.invokeVirtual(java.lang.Object, java.lang.Object)'> (0x0000000710ce3a90) 
thrown [t:\workspace\open\src\hotspot\share\interpreter\linkResolver.cpp, line 766]

VM Operations (20 events):
Event: 435.310 Executing VM operation: ChangeBreakpoints
Event: 435.310 Executing VM operation: ChangeBreakpoints done
Event: 436.939 Executing VM operation: ChangeBreakpoints
Event: 436.939 Executing VM operation: ChangeBreakpoints done
Event: 439.291 Executing VM operation: ChangeBreakpoints
Event: 439.291 Executing VM operation: ChangeBreakpoints done
Event: 443.033 Executing VM operation: ChangeSingleStep
Event: 443.033 Executing VM operation: ChangeSingleStep done
Event: 443.033 Executing VM operation: ChangeSingleStep
Event: 443.033 Executing VM operation: ChangeSingleStep done
Event: 443.043 Executing VM operation: RedefineClasses
Event: 443.045 Executing VM operation: RedefineClasses done
Event: 443.054 Executing VM operation: ChangeBreakpoints
Event: 443.054 Executing VM operation: ChangeBreakpoints done
Event: 443.063 Executing VM operation: ChangeBreakpoints
Event: 443.063 Executing VM operation: ChangeBreakpoints done
Event: 443.066 Executing VM operation: ChangeSingleStep
Event: 443.066 Executing VM operation: ChangeSingleStep done
Event: 443.069 Executing VM operation: ChangeSingleStep
Event: 443.069 Executing VM operation: ChangeSingleStep done

Events (20 events):
Event: 0.392 loading class java/lang/IllegalStateException
Event: 0.392 loading class java/lang/IllegalStateException done
Event: 0.393 loading class java/lang/WeakPairMap$Pair$Weak
Event: 0.394 loading class java/lang/WeakPairMap$WeakRefPeer
Event: 0.394 loading class java/lang/WeakPairMap$WeakRefPeer done
Event: 0.394 loading class java/lang/WeakPairMap$Pair$Weak done
Event: 0.394 loading class java/lang/WeakPairMap$Pair$Weak$1
Event: 0.394 loading class java/lang/WeakPairMap$Pair$Weak$1 done
Event: 0.396 loading class java/io/Reader
Event: 0.396 loading class java/io/Reader done
Event: 0.396 loading class java/io/FileReader
Event: 0.397 loading class java/io/InputStreamReader
Event: 0.397 loading class java/io/InputStreamReader done
Event: 0.397 loading class java/io/FileReader done
Event: 0.397 loading class java/io/FileWriter
Event: 0.397 loading class java/io/FileWriter done
Event: 0.404 loading class java/io/BufferedReader
Event: 0.405 loading class java/io/BufferedReader done
Event: 0.405 loading class sun/nio/cs/StreamDecoder
Event: 0.405 loading class sun/nio/cs/StreamDecoder done


Dynamic libraries:
0x00007ff697680000 - 0x00007ff697690000 	C:\Program Files\Java\jdk-17\bin\javaw.exe
0x00007ffb05d90000 - 0x00007ffb05f85000 	C:\WINDOWS\SYSTEM32\ntdll.dll
0x00007ffb046a0000 - 0x00007ffb0475e000 	C:\WINDOWS\System32\KERNEL32.DLL
0x00007ffb03880000 - 0x00007ffb03b48000 	C:\WINDOWS\System32\KERNELBASE.dll
0x00007ffb03ce0000 - 0x00007ffb03de0000 	C:\WINDOWS\System32\ucrtbase.dll
0x00007ffafea00000 - 0x00007ffafea18000 	C:\Program Files\Java\jdk-17\bin\jli.dll
0x00007ffaf51d0000 - 0x00007ffaf51ea000 	C:\Program Files\Java\jdk-17\bin\VCRUNTIME140.dll
0x00007ffb042c0000 - 0x00007ffb0436e000 	C:\WINDOWS\System32\ADVAPI32.dll
0x00007ffb051b0000 - 0x00007ffb0524e000 	C:\WINDOWS\System32\msvcrt.dll
0x00007ffb05cb0000 - 0x00007ffb05d4c000 	C:\WINDOWS\System32\sechost.dll
0x00007ffb059a0000 - 0x00007ffb05ac5000 	C:\WINDOWS\System32\RPCRT4.dll
0x00007ffb04e20000 - 0x00007ffb04fc0000 	C:\WINDOWS\System32\USER32.dll
0x00007ffb03740000 - 0x00007ffb03762000 	C:\WINDOWS\System32\win32u.dll
0x00007ffb04390000 - 0x00007ffb043bb000 	C:\WINDOWS\System32\GDI32.dll
0x00007ffb03770000 - 0x00007ffb0387d000 	C:\WINDOWS\System32\gdi32full.dll
0x00007ffaf4380000 - 0x00007ffaf461a000 	C:\WINDOWS\WinSxS\amd64_microsoft.windows.common-controls_6595b64144ccf1df_6.0.19041.1110_none_60b5254171f9507e\COMCTL32.dll
0x00007ffb03530000 - 0x00007ffb035cd000 	C:\WINDOWS\System32\msvcp_win.dll
0x00007ffafe700000 - 0x00007ffafe70a000 	C:\WINDOWS\SYSTEM32\VERSION.dll
0x00007ffb049c0000 - 0x00007ffb049f0000 	C:\WINDOWS\System32\IMM32.DLL
0x00007ffaff300000 - 0x00007ffaff30c000 	C:\Program Files\Java\jdk-17\bin\vcruntime140_1.dll
0x00007ffaeaf40000 - 0x00007ffaeafcd000 	C:\Program Files\Java\jdk-17\bin\msvcp140.dll
0x00007ffabf860000 - 0x00007ffac041e000 	C:\Program Files\Java\jdk-17\bin\server\jvm.dll
0x00007ffb04380000 - 0x00007ffb04388000 	C:\WINDOWS\System32\PSAPI.DLL
0x00007ffaf6140000 - 0x00007ffaf6149000 	C:\WINDOWS\SYSTEM32\WSOCK32.dll
0x00007ffb05140000 - 0x00007ffb051ab000 	C:\WINDOWS\System32\WS2_32.dll
0x00007ffaf3b60000 - 0x00007ffaf3b87000 	C:\WINDOWS\SYSTEM32\WINMM.dll
0x00007ffb013b0000 - 0x00007ffb013c2000 	C:\WINDOWS\SYSTEM32\kernel.appcore.dll
0x00007ffaf6120000 - 0x00007ffaf612a000 	C:\Program Files\Java\jdk-17\bin\jimage.dll
0x00007ffafd920000 - 0x00007ffafdb04000 	C:\WINDOWS\SYSTEM32\DBGHELP.DLL
0x00007ffafdf30000 - 0x00007ffafdf5c000 	C:\WINDOWS\SYSTEM32\dbgcore.DLL
0x00007ffb034a0000 - 0x00007ffb03522000 	C:\WINDOWS\System32\bcryptPrimitives.dll
0x00007ffaeb390000 - 0x00007ffaeb3cb000 	C:\Program Files\Java\jdk-17\bin\jdwp.dll
0x00007ffaff250000 - 0x00007ffaff25e000 	C:\Program Files\Java\jdk-17\bin\instrument.dll
0x00007ffae3540000 - 0x00007ffae3565000 	C:\Program Files\Java\jdk-17\bin\java.dll
0x00007ffacc150000 - 0x00007ffacc226000 	C:\Program Files\Java\jdk-17\bin\svml.dll
0x00007ffb05250000 - 0x00007ffb05994000 	C:\WINDOWS\System32\SHELL32.dll
0x00007ffb015b0000 - 0x00007ffb01d44000 	C:\WINDOWS\SYSTEM32\windows.storage.dll
0x00007ffb04a50000 - 0x00007ffb04da5000 	C:\WINDOWS\System32\combase.dll
0x00007ffb02e20000 - 0x00007ffb02e4e000 	C:\WINDOWS\SYSTEM32\Wldp.dll
0x00007ffb04fc0000 - 0x00007ffb0506d000 	C:\WINDOWS\System32\SHCORE.dll
0x00007ffb04db0000 - 0x00007ffb04e05000 	C:\WINDOWS\System32\shlwapi.dll
0x00007ffb033e0000 - 0x00007ffb033ff000 	C:\WINDOWS\SYSTEM32\profapi.dll
0x00007ffadf8c0000 - 0x00007ffadf8d9000 	C:\Program Files\Java\jdk-17\bin\net.dll
0x00007ffafd5b0000 - 0x00007ffafd6bc000 	C:\WINDOWS\SYSTEM32\WINHTTP.dll
0x00007ffb02b80000 - 0x00007ffb02bea000 	C:\WINDOWS\system32\mswsock.dll
0x00007ffadee10000 - 0x00007ffadee25000 	C:\Program Files\Java\jdk-17\bin\nio.dll
0x00007ffafe9d0000 - 0x00007ffafe9dc000 	C:\Program Files\Java\jdk-17\bin\dt_socket.dll
0x00007ffb02870000 - 0x00007ffb028ab000 	C:\WINDOWS\SYSTEM32\IPHLPAPI.DLL
0x00007ffb028b0000 - 0x00007ffb0297b000 	C:\WINDOWS\SYSTEM32\DNSAPI.dll
0x00007ffb04e10000 - 0x00007ffb04e18000 	C:\WINDOWS\System32\NSI.dll
0x000000005d7f0000 - 0x000000005d816000 	C:\Program Files\Bonjour\mdnsNSP.dll
0x00007ffafd020000 - 0x00007ffafd02a000 	C:\Windows\System32\rasadhlp.dll
0x00007ffafd0e0000 - 0x00007ffafd15f000 	C:\WINDOWS\System32\fwpuclnt.dll
0x00007ffb03cb0000 - 0x00007ffb03cd7000 	C:\WINDOWS\System32\bcrypt.dll
0x00007ffaddf50000 - 0x00007ffaddf68000 	C:\Program Files\Java\jdk-17\bin\zip.dll
0x00007ffaf5ee0000 - 0x00007ffaf5ef0000 	C:\Program Files\Java\jdk-17\bin\verify.dll

dbghelp: loaded successfully - version: 4.0.5 - missing functions: none
symbol engine: initialized successfully - sym options: 0x614 - pdb path: .;C:\Program Files\Java\jdk-17\bin;C:\WINDOWS\SYSTEM32;C:\WINDOWS\WinSxS\amd64_microsoft.windows.common-controls_6595b64144ccf1df_6.0.19041.1110_none_60b5254171f9507e;C:\Program Files\Java\jdk-17\bin\server;C:\Program Files\Bonjour

VM Arguments:
jvm_args: -XX:+ShowCodeDetailsInExceptionMessages -agentlib:jdwp=transport=dt_socket,suspend=y,address=localhost:4480 -javaagent:F:\Eclipse\eclipse\configuration\org.eclipse.osgi\222\0\.cp\lib\javaagent-shaded.jar -Dfile.encoding=Cp1252 --module-path=F:\Java Bootcamp Course\Assignment4\bin -Djdk.module.main=assignment4 
java_command: assignment4/app.App
java_class_path (initial): <not set>
Launcher Type: SUN_STANDARD

[Global flags]
     intx CICompilerCount                          = 3                                         {product} {ergonomic}
     uint ConcGCThreads                            = 1                                         {product} {ergonomic}
     uint G1ConcRefinementThreads                  = 4                                         {product} {ergonomic}
   size_t G1HeapRegionSize                         = 2097152                                   {product} {ergonomic}
    uintx GCDrainStackTargetSize                   = 64                                        {product} {ergonomic}
   size_t InitialHeapSize                          = 268435456                                 {product} {ergonomic}
   size_t MarkStackSize                            = 4194304                                   {product} {ergonomic}
   size_t MaxHeapSize                              = 4280287232                                {product} {ergonomic}
   size_t MaxNewSize                               = 2566914048                                {product} {ergonomic}
   size_t MinHeapDeltaBytes                        = 2097152                                   {product} {ergonomic}
   size_t MinHeapSize                              = 8388608                                   {product} {ergonomic}
    uintx NonNMethodCodeHeapSize                   = 5832780                                {pd product} {ergonomic}
    uintx NonProfiledCodeHeapSize                  = 122912730                              {pd product} {ergonomic}
    uintx ProfiledCodeHeapSize                     = 122912730                              {pd product} {ergonomic}
    uintx ReservedCodeCacheSize                    = 251658240                              {pd product} {ergonomic}
     bool SegmentedCodeCache                       = true                                      {product} {ergonomic}
     bool ShowCodeDetailsInExceptionMessages       = true                                   {manageable} {command line}
   size_t SoftMaxHeapSize                          = 4280287232                             {manageable} {ergonomic}
     bool UseCompressedClassPointers               = true                           {product lp64_product} {ergonomic}
     bool UseCompressedOops                        = true                           {product lp64_product} {ergonomic}
     bool UseG1GC                                  = true                                      {product} {ergonomic}
     bool UseLargePagesIndividualAllocation        = false                                  {pd product} {ergonomic}

Logging:
Log output configuration:
 #0: stdout all=warning uptime,level,tags
 #1: stderr all=off uptime,level,tags

Environment Variables:
PATH=C:/Program Files/Java/jdk-17/bin/server;C:/Program Files/Java/jdk-17/bin;C:\Program Files\Common Files\Oracle\Java\javapath;C:\WINDOWS\system32;C:\WINDOWS;C:\WINDOWS\System32\Wbem;C:\WINDOWS\System32\WindowsPowerShell\v1.0\;C:\WINDOWS\System32\OpenSSH\;C:\Program Files (x86)\NVIDIA Corporation\PhysX\Common;C:\WINDOWS\system32;C:\WINDOWS;C:\WINDOWS\System32\Wbem;C:\WINDOWS\System32\WindowsPowerShell\v1.0\;C:\WINDOWS\System32\OpenSSH\;C:\Program Files\Git\cmd;C:\Program Files\nodejs\;C:\Program Files\NVIDIA Corporation\NVIDIA NvDLISR;C:\Program Files (x86)\Common Files\Acronis\SnapAPI\;C:\Program Files (x86)\Common Files\Acronis\VirtualFile\;C:\Program Files (x86)\Common Files\Acronis\VirtualFile64\;C:\Program Files (x86)\Common Files\Acronis\FileProtector\;C:\Program Files (x86)\Common Files\Acronis\FileProtector64\;C:\Users\Rassi\AppData\Local\Microsoft\WindowsApps;C:\Users\Rassi\AppData\Roaming\npm;C:\Users\Rassi\AppData\Local\GitHubDesktop\bin;C:\WINDOWS\System32;
USERNAME=Rassi
OS=Windows_NT
PROCESSOR_IDENTIFIER=AMD64 Family 23 Model 1 Stepping 1, AuthenticAMD



---------------  S Y S T E M  ---------------

OS:
 Windows 10 , 64 bit Build 19041 (10.0.19041.1503)
OS uptime: 24 days 15:59 hours

CPU: total 4 (initial active 4) (4 cores per cpu, 1 threads per core) family 23 model 1 stepping 1 microcode 0x0, cx8, cmov, fxsr, mmx, 3dnowpref, sse, sse2, sse3, ssse3, sse4a, sse4.1, sse4.2, popcnt, lzcnt, tsc, tscinvbit, avx, avx2, aes, clmul, bmi1, bmi2, adx, sha, fma, vzeroupper, clflush, clflushopt

Memory: 4k page, system-wide physical 16320M (8762M free)
TotalPageFile size 26050M (AvailPageFile size 16271M)
current process WorkingSet (physical memory assigned to process): 43M, peak: 47M
current process commit charge ("private bytes"): 339M, peak: 343M

vm_info: Java HotSpot(TM) 64-Bit Server VM (17+35-LTS-2724) for windows-amd64 JRE (17+35-LTS-2724), built on Aug  5 2021 23:28:28 by "mach5one" with MS VC++ 16.8 (VS2019)

END.
